<?xml version="1.0" encoding="UTF-8" standalone="no"?>
<testsuite failures="0" name="cucumber.runtime.formatter.JUnitFormatter" skipped="0" tests="1" time="18.150195">
<testcase classname="User should send number" name="Test the user number" time="18.150195">
<system-out><![CDATA[Given user should be on the login page......................................passed
When user should clear the number and send send the new one.................passed
Then user should see the new number.........................................passed
]]></system-out>
</testcase>
</testsuite>
